<?xml version="1.0" encoding="UTF-8"?>
<!-- Generated by org.testng.reporters.JUnitReportReporter -->
<testsuite hostname="MAHESH-LENOVO-LAPTOP" failures="0" tests="1" name="cucumber.TestNGTestRunner" time="11.762" errors="0" timestamp="2024-08-02T08:40:18 IST" skipped="0">
  <testcase classname="cucumber.TestNGTestRunner" name="runScenario" time="11.762"/>
</testsuite> <!-- cucumber.TestNGTestRunner -->
