<?xml version="1.0" encoding="UTF-8"?>
<!-- Generated by org.testng.reporters.JUnitReportReporter -->
<testsuite hostname="MAHESH-LAPTOP" failures="0" tests="1" name="cucumber.TestNGTestRunner" time="16.039" errors="0" timestamp="2024-10-09T17:53:32 IST" skipped="0">
  <testcase classname="cucumber.TestNGTestRunner" name="runScenario" time="16.039"/>
</testsuite> <!-- cucumber.TestNGTestRunner -->
