<?xml version="1.0" encoding="UTF-8"?>
<!-- Generated by org.testng.reporters.JUnitReportReporter -->
<testsuite hostname="MAHESH-LENOVO-LAPTOP" failures="0" tests="2" name="seleniumframeworkdesign.test.SubmitOrderTest" time="20.747" errors="0" timestamp="2024-07-31T16:02:13 IST" skipped="0">
  <testcase classname="seleniumframeworkdesign.test.SubmitOrderTest" name="SubmitOrder" time="10.917"/>
  <testcase classname="seleniumframeworkdesign.test.SubmitOrderTest" name="SubmitOrder" time="9.830"/>
</testsuite> <!-- seleniumframeworkdesign.test.SubmitOrderTest -->
