<?xml version="1.0" encoding="UTF-8"?>
<!-- Generated by org.testng.reporters.JUnitReportReporter -->
<testsuite hostname="MAHESH-LENOVO-LAPTOP" failures="0" tests="2" name="seleniumframeworkdesign.test.SubmitOrderTest" time="20.169" errors="0" timestamp="2024-08-02T09:03:19 IST" skipped="0">
  <testcase classname="seleniumframeworkdesign.test.SubmitOrderTest" name="SubmitOrder" time="8.765"/>
  <testcase classname="seleniumframeworkdesign.test.SubmitOrderTest" name="SubmitOrder" time="11.404"/>
</testsuite> <!-- seleniumframeworkdesign.test.SubmitOrderTest -->
