<?xml version="1.0" encoding="UTF-8"?>
<!-- Generated by org.testng.reporters.JUnitReportReporter -->
<testsuite hostname="MAHESH-LENOVO-LAPTOP" failures="0" tests="1" name="seleniumframeworkdesign.test.ErrorValidationTest" time="4.382" errors="0" timestamp="2024-08-02T09:05:09 IST" skipped="0">
  <testcase classname="seleniumframeworkdesign.test.ErrorValidationTest" name="loginErrorValidation" time="4.382"/>
</testsuite> <!-- seleniumframeworkdesign.test.ErrorValidationTest -->
