<?xml version="1.0" encoding="UTF-8"?>
<!-- Generated by org.testng.reporters.JUnitReportReporter -->
<testsuite hostname="MAHESH-LENOVO-LAPTOP" failures="0" tests="1" name="cucumber.TestNGTestRunner" time="10.220" errors="0" timestamp="2024-08-02T09:02:30 IST" skipped="0">
  <testcase classname="cucumber.TestNGTestRunner" name="runScenario" time="10.220"/>
</testsuite> <!-- cucumber.TestNGTestRunner -->
